<?xml version="1.0" encoding="UTF-8"?>
<testsuite xmlns:xsi="http://www.w3.org/2001/XMLSchema-instance" xsi:noNamespaceSchemaLocation="https://maven.apache.org/surefire/maven-surefire-plugin/xsd/surefire-test-report-3.0.xsd" version="3.0" name="com.seguranca.cliente.adapter.out.RsaCriptografadorAdapterTest" time="1.411" tests="4" errors="0" skipped="0" failures="0">
  <properties>
[...]
</properties>
  <testcase name="payloadDeveSerDescriptografavelComChavePrivada" classname="com.seguranca.cliente.adapter.out.RsaCriptografadorAdapterTest" time="0.805"/>
  <testcase name="deveGerarPayloadsDiferentesACadaChamada" classname="com.seguranca.cliente.adapter.out.RsaCriptografadorAdapterTest" time="0.26"/>
  <testcase name="deveProduzirPayloadComTamanhoMinimo" classname="com.seguranca.cliente.adapter.out.RsaCriptografadorAdapterTest" time="0.081"/>
  <testcase name="deveFalharComChavePublicaInvalida" classname="com.seguranca.cliente.adapter.out.RsaCriptografadorAdapterTest" time="0.235"/>
</testsuite>